[ 2023-02-07 14:13:58,426 ] 16 root - INFO - >>>>>>>>>>>>>>>>>>>>>>>>>>>>>>>>>>>>>>>> Data Ingestion <<<<<<<<<<<<<<<<<<<<<<<<<<<<<<<<<<<<<<<<
[ 2023-02-07 14:13:58,426 ] 23 root - INFO - Exporting collection data as pandas dataframe
[ 2023-02-07 14:13:58,426 ] 21 root - INFO - Reading data from database: Adult_Census and collection: Adult
[ 2023-02-07 14:13:59,880 ] 23 root - INFO - Found columns: Index(['_id', 'age', 'workclass', 'fnlwgt', 'education', 'education-num',
       'marital-status', 'occupation', 'relationship', 'race', 'sex',
       'capital-gain', 'capital-loss', 'hours-per-week', 'country', 'salary'],
      dtype='object')
[ 2023-02-07 14:13:59,880 ] 25 root - INFO - Dropping column: _id 
[ 2023-02-07 14:13:59,901 ] 27 root - INFO - Row and columns in df: (65122, 15)
[ 2023-02-07 14:13:59,919 ] 29 root - INFO - Save data in feature store
[ 2023-02-07 14:14:08,637 ] 51 root - INFO - Create feature store folder if not available
[ 2023-02-07 14:14:08,638 ] 55 root - INFO - Save df to feature store folder
[ 2023-02-07 14:14:09,011 ] 60 root - INFO - split dataset into train and test set
[ 2023-02-07 14:14:09,056 ] 64 root - INFO - create dataset directory folder if not available
[ 2023-02-07 14:14:09,057 ] 69 root - INFO - Save df to feature store folder
[ 2023-02-07 14:14:09,541 ] 81 root - INFO - Data ingestion artifact: DataIngestionArtifact(feature_store_file_path='/config/workspace/artifact/02072023__141358/data_ingestion/feature_store/adult.csv', train_file_path='/config/workspace/artifact/02072023__141358/data_ingestion/dataset/train.csv', test_file_path='/config/workspace/artifact/02072023__141358/data_ingestion/dataset/test.csv')
[ 2023-02-07 14:14:09,572 ] 26 root - INFO - >>>>>>>>>>>>>>>>>>>>>>>>>>>>>>>>>>>>>>>> Data Validation <<<<<<<<<<<<<<<<<<<<<<<<<<<<<<<<<<<<<<<<
[ 2023-02-07 14:14:09,572 ] 113 root - INFO - Reading base dataframe
[ 2023-02-07 14:14:09,673 ] 116 root - INFO - Replace na value in base df
[ 2023-02-07 14:14:14,073 ] 160 root - INFO - Drop null values colums from base df
[ 2023-02-07 14:14:14,075 ] 48 root - INFO - selecting column name which contains null above to 0.2
[ 2023-02-07 14:14:14,075 ] 51 root - INFO - Columns to drop: []
[ 2023-02-07 14:14:14,076 ] 165 root - INFO - Reading train dataframe
[ 2023-02-07 14:14:14,249 ] 187 root - INFO - Reading test dataframe
[ 2023-02-07 14:14:14,291 ] 207 root - INFO - Drop null values colums from train df
[ 2023-02-07 14:14:14,293 ] 48 root - INFO - selecting column name which contains null above to 0.2
[ 2023-02-07 14:14:14,293 ] 51 root - INFO - Columns to drop: []
[ 2023-02-07 14:14:14,295 ] 209 root - INFO - Drop null values colums from test df
[ 2023-02-07 14:14:14,296 ] 48 root - INFO - selecting column name which contains null above to 0.2
[ 2023-02-07 14:14:14,297 ] 51 root - INFO - Columns to drop: []
[ 2023-02-07 14:14:14,310 ] 221 root - INFO - Is all required columns present in train df
[ 2023-02-07 14:14:14,311 ] 223 root - INFO - Is all required columns present in test df
[ 2023-02-07 14:14:14,311 ] 227 root - INFO - As all column are available in train df hence detecting data drift
[ 2023-02-07 14:14:14,311 ] 91 root - INFO - Hypothesis workclass: float64, float64 
[ 2023-02-07 14:14:14,352 ] 91 root - INFO - Hypothesis education: float64, float64 
[ 2023-02-07 14:14:14,359 ] 91 root - INFO - Hypothesis marital-status: float64, float64 
[ 2023-02-07 14:14:14,366 ] 91 root - INFO - Hypothesis occupation: float64, float64 
[ 2023-02-07 14:14:14,373 ] 91 root - INFO - Hypothesis relationship: float64, float64 
[ 2023-02-07 14:14:14,414 ] 91 root - INFO - Hypothesis race: float64, float64 
[ 2023-02-07 14:14:14,453 ] 91 root - INFO - Hypothesis sex: float64, float64 
[ 2023-02-07 14:14:14,492 ] 91 root - INFO - Hypothesis country: float64, float64 
[ 2023-02-07 14:14:14,532 ] 91 root - INFO - Hypothesis age: float64, float64 
[ 2023-02-07 14:14:14,540 ] 91 root - INFO - Hypothesis hours-per-week: float64, float64 
[ 2023-02-07 14:14:14,551 ] 230 root - INFO - As all column are available in test df hence detecting data drift
[ 2023-02-07 14:14:14,552 ] 91 root - INFO - Hypothesis workclass: float64, float64 
[ 2023-02-07 14:14:14,556 ] 91 root - INFO - Hypothesis education: float64, float64 
[ 2023-02-07 14:14:14,559 ] 91 root - INFO - Hypothesis marital-status: float64, float64 
[ 2023-02-07 14:14:14,563 ] 91 root - INFO - Hypothesis occupation: float64, float64 
[ 2023-02-07 14:14:14,567 ] 91 root - INFO - Hypothesis relationship: float64, float64 
[ 2023-02-07 14:14:14,571 ] 91 root - INFO - Hypothesis race: float64, float64 
[ 2023-02-07 14:14:14,590 ] 91 root - INFO - Hypothesis sex: float64, float64 
[ 2023-02-07 14:14:14,593 ] 91 root - INFO - Hypothesis country: float64, float64 
[ 2023-02-07 14:14:14,612 ] 91 root - INFO - Hypothesis age: float64, float64 
[ 2023-02-07 14:14:14,617 ] 91 root - INFO - Hypothesis hours-per-week: float64, float64 
[ 2023-02-07 14:14:14,621 ] 234 root - INFO - Write reprt in yaml file
[ 2023-02-07 14:14:14,628 ] 239 root - INFO - Data validation artifact: DataValidationArtifact(report_file_path='/config/workspace/artifact/02072023__141358/data_validation/report.yaml')
