[ 2023-02-07 14:07:23,608 ] 16 root - INFO - >>>>>>>>>>>>>>>>>>>>>>>>>>>>>>>>>>>>>>>> Data Ingestion <<<<<<<<<<<<<<<<<<<<<<<<<<<<<<<<<<<<<<<<
[ 2023-02-07 14:07:23,609 ] 23 root - INFO - Exporting collection data as pandas dataframe
[ 2023-02-07 14:07:23,609 ] 21 root - INFO - Reading data from database: Adult_Census and collection: Adult
[ 2023-02-07 14:07:25,079 ] 23 root - INFO - Found columns: Index(['_id', 'age', 'workclass', 'fnlwgt', 'education', 'education-num',
       'marital-status', 'occupation', 'relationship', 'race', 'sex',
       'capital-gain', 'capital-loss', 'hours-per-week', 'country', 'salary'],
      dtype='object')
[ 2023-02-07 14:07:25,080 ] 25 root - INFO - Dropping column: _id 
[ 2023-02-07 14:07:25,101 ] 27 root - INFO - Row and columns in df: (65122, 15)
[ 2023-02-07 14:07:25,120 ] 29 root - INFO - Save data in feature store
[ 2023-02-07 14:07:33,689 ] 51 root - INFO - Create feature store folder if not available
[ 2023-02-07 14:07:33,690 ] 55 root - INFO - Save df to feature store folder
[ 2023-02-07 14:07:34,044 ] 60 root - INFO - split dataset into train and test set
[ 2023-02-07 14:07:34,092 ] 64 root - INFO - create dataset directory folder if not available
[ 2023-02-07 14:07:34,092 ] 69 root - INFO - Save df to feature store folder
[ 2023-02-07 14:07:34,578 ] 81 root - INFO - Data ingestion artifact: DataIngestionArtifact(feature_store_file_path='/config/workspace/artifact/02072023__140723/data_ingestion/feature_store/adult.csv', train_file_path='/config/workspace/artifact/02072023__140723/data_ingestion/dataset/train.csv', test_file_path='/config/workspace/artifact/02072023__140723/data_ingestion/dataset/test.csv')
[ 2023-02-07 14:07:34,609 ] 26 root - INFO - >>>>>>>>>>>>>>>>>>>>>>>>>>>>>>>>>>>>>>>> Data Validation <<<<<<<<<<<<<<<<<<<<<<<<<<<<<<<<<<<<<<<<
[ 2023-02-07 14:07:34,609 ] 113 root - INFO - Reading base dataframe
[ 2023-02-07 14:07:34,718 ] 116 root - INFO - Replace na value in base df
[ 2023-02-07 14:07:39,097 ] 160 root - INFO - Drop null values colums from base df
[ 2023-02-07 14:07:39,099 ] 48 root - INFO - selecting column name which contains null above to 0.2
[ 2023-02-07 14:07:39,100 ] 51 root - INFO - Columns to drop: []
[ 2023-02-07 14:07:39,101 ] 165 root - INFO - Reading train dataframe
[ 2023-02-07 14:07:39,274 ] 187 root - INFO - Reading test dataframe
[ 2023-02-07 14:07:39,315 ] 207 root - INFO - Drop null values colums from train df
[ 2023-02-07 14:07:39,317 ] 48 root - INFO - selecting column name which contains null above to 0.2
[ 2023-02-07 14:07:39,317 ] 51 root - INFO - Columns to drop: []
[ 2023-02-07 14:07:39,318 ] 209 root - INFO - Drop null values colums from test df
[ 2023-02-07 14:07:39,320 ] 48 root - INFO - selecting column name which contains null above to 0.2
[ 2023-02-07 14:07:39,320 ] 51 root - INFO - Columns to drop: []
[ 2023-02-07 14:07:39,334 ] 221 root - INFO - Is all required columns present in train df
[ 2023-02-07 14:07:39,334 ] 223 root - INFO - Is all required columns present in test df
[ 2023-02-07 14:07:39,334 ] 227 root - INFO - As all column are available in train df hence detecting data drift
[ 2023-02-07 14:07:39,334 ] 91 root - INFO - Hypothesis workclass: float64, float64 
[ 2023-02-07 14:07:39,376 ] 91 root - INFO - Hypothesis education: float64, float64 
[ 2023-02-07 14:07:39,383 ] 91 root - INFO - Hypothesis marital-status: float64, float64 
[ 2023-02-07 14:07:39,389 ] 91 root - INFO - Hypothesis occupation: float64, float64 
[ 2023-02-07 14:07:39,396 ] 91 root - INFO - Hypothesis relationship: float64, float64 
[ 2023-02-07 14:07:39,439 ] 91 root - INFO - Hypothesis race: float64, float64 
[ 2023-02-07 14:07:39,478 ] 91 root - INFO - Hypothesis sex: float64, float64 
[ 2023-02-07 14:07:39,518 ] 91 root - INFO - Hypothesis country: float64, float64 
[ 2023-02-07 14:07:39,557 ] 91 root - INFO - Hypothesis age: float64, float64 
[ 2023-02-07 14:07:39,565 ] 91 root - INFO - Hypothesis hours-per-week: float64, float64 
[ 2023-02-07 14:07:39,572 ] 230 root - INFO - As all column are available in test df hence detecting data drift
[ 2023-02-07 14:07:39,572 ] 91 root - INFO - Hypothesis workclass: float64, float64 
[ 2023-02-07 14:07:39,576 ] 91 root - INFO - Hypothesis education: float64, float64 
[ 2023-02-07 14:07:39,579 ] 91 root - INFO - Hypothesis marital-status: float64, float64 
[ 2023-02-07 14:07:39,583 ] 91 root - INFO - Hypothesis occupation: float64, float64 
[ 2023-02-07 14:07:39,586 ] 91 root - INFO - Hypothesis relationship: float64, float64 
[ 2023-02-07 14:07:39,590 ] 91 root - INFO - Hypothesis race: float64, float64 
[ 2023-02-07 14:07:39,612 ] 91 root - INFO - Hypothesis sex: float64, float64 
[ 2023-02-07 14:07:39,614 ] 91 root - INFO - Hypothesis country: float64, float64 
[ 2023-02-07 14:07:39,634 ] 91 root - INFO - Hypothesis age: float64, float64 
[ 2023-02-07 14:07:39,639 ] 91 root - INFO - Hypothesis hours-per-week: float64, float64 
[ 2023-02-07 14:07:39,643 ] 234 root - INFO - Write reprt in yaml file
