[ 2023-02-08 00:42:05,878 ] 16 root - INFO - >>>>>>>>>>>>>>>>>>>>>>>>>>>>>>>>>>>>>>>> Data Ingestion <<<<<<<<<<<<<<<<<<<<<<<<<<<<<<<<<<<<<<<<
[ 2023-02-08 00:42:05,878 ] 23 root - INFO - Exporting collection data as pandas dataframe
[ 2023-02-08 00:42:05,878 ] 21 root - INFO - Reading data from database: Adult_Census and collection: Adult
[ 2023-02-08 00:42:07,403 ] 23 root - INFO - Found columns: Index(['_id', 'age', 'workclass', 'fnlwgt', 'education', 'education-num',
       'marital-status', 'occupation', 'relationship', 'race', 'sex',
       'capital-gain', 'capital-loss', 'hours-per-week', 'country', 'salary'],
      dtype='object')
[ 2023-02-08 00:42:07,403 ] 25 root - INFO - Dropping column: _id 
[ 2023-02-08 00:42:07,424 ] 27 root - INFO - Row and columns in df: (65122, 15)
[ 2023-02-08 00:42:07,443 ] 29 root - INFO - Save data in feature store
[ 2023-02-08 00:42:15,908 ] 51 root - INFO - Create feature store folder if not available
[ 2023-02-08 00:42:15,909 ] 55 root - INFO - Save df to feature store folder
[ 2023-02-08 00:42:16,272 ] 60 root - INFO - split dataset into train and test set
[ 2023-02-08 00:42:16,319 ] 64 root - INFO - create dataset directory folder if not available
[ 2023-02-08 00:42:16,320 ] 69 root - INFO - Save df to feature store folder
[ 2023-02-08 00:42:16,806 ] 81 root - INFO - Data ingestion artifact: DataIngestionArtifact(feature_store_file_path='/config/workspace/artifact/02082023__004205/data_ingestion/feature_store/adult.csv', train_file_path='/config/workspace/artifact/02082023__004205/data_ingestion/dataset/train.csv', test_file_path='/config/workspace/artifact/02082023__004205/data_ingestion/dataset/test.csv')
[ 2023-02-08 00:42:16,835 ] 26 root - INFO - >>>>>>>>>>>>>>>>>>>>>>>>>>>>>>>>>>>>>>>> Data Validation <<<<<<<<<<<<<<<<<<<<<<<<<<<<<<<<<<<<<<<<
[ 2023-02-08 00:42:16,836 ] 113 root - INFO - Reading base dataframe
[ 2023-02-08 00:42:16,942 ] 116 root - INFO - Replace na value in base df
[ 2023-02-08 00:42:21,243 ] 160 root - INFO - Drop null values colums from base df
[ 2023-02-08 00:42:21,245 ] 48 root - INFO - selecting column name which contains null above to 0.2
[ 2023-02-08 00:42:21,246 ] 51 root - INFO - Columns to drop: []
[ 2023-02-08 00:42:21,246 ] 165 root - INFO - Reading train dataframe
[ 2023-02-08 00:42:21,426 ] 187 root - INFO - Reading test dataframe
[ 2023-02-08 00:42:21,468 ] 207 root - INFO - Drop null values colums from train df
[ 2023-02-08 00:42:21,470 ] 48 root - INFO - selecting column name which contains null above to 0.2
[ 2023-02-08 00:42:21,470 ] 51 root - INFO - Columns to drop: []
[ 2023-02-08 00:42:21,471 ] 209 root - INFO - Drop null values colums from test df
[ 2023-02-08 00:42:21,473 ] 48 root - INFO - selecting column name which contains null above to 0.2
[ 2023-02-08 00:42:21,473 ] 51 root - INFO - Columns to drop: []
[ 2023-02-08 00:42:21,488 ] 221 root - INFO - Is all required columns present in train df
[ 2023-02-08 00:42:21,489 ] 223 root - INFO - Is all required columns present in test df
[ 2023-02-08 00:42:21,489 ] 227 root - INFO - As all column are available in train df hence detecting data drift
[ 2023-02-08 00:42:21,489 ] 91 root - INFO - Hypothesis workclass: float64, float64 
[ 2023-02-08 00:42:21,531 ] 91 root - INFO - Hypothesis education: float64, float64 
[ 2023-02-08 00:42:21,573 ] 91 root - INFO - Hypothesis marital-status: float64, float64 
[ 2023-02-08 00:42:21,579 ] 91 root - INFO - Hypothesis occupation: float64, float64 
[ 2023-02-08 00:42:21,586 ] 91 root - INFO - Hypothesis relationship: float64, float64 
[ 2023-02-08 00:42:21,628 ] 91 root - INFO - Hypothesis race: float64, float64 
[ 2023-02-08 00:42:21,666 ] 91 root - INFO - Hypothesis sex: float64, float64 
[ 2023-02-08 00:42:21,670 ] 91 root - INFO - Hypothesis country: float64, float64 
[ 2023-02-08 00:42:21,710 ] 91 root - INFO - Hypothesis age: float64, float64 
[ 2023-02-08 00:42:21,719 ] 91 root - INFO - Hypothesis hours-per-week: float64, float64 
[ 2023-02-08 00:42:21,726 ] 230 root - INFO - As all column are available in test df hence detecting data drift
[ 2023-02-08 00:42:21,727 ] 91 root - INFO - Hypothesis workclass: float64, float64 
[ 2023-02-08 00:42:21,748 ] 91 root - INFO - Hypothesis education: float64, float64 
[ 2023-02-08 00:42:21,752 ] 91 root - INFO - Hypothesis marital-status: float64, float64 
[ 2023-02-08 00:42:21,772 ] 91 root - INFO - Hypothesis occupation: float64, float64 
[ 2023-02-08 00:42:21,776 ] 91 root - INFO - Hypothesis relationship: float64, float64 
[ 2023-02-08 00:42:21,780 ] 91 root - INFO - Hypothesis race: float64, float64 
[ 2023-02-08 00:42:21,782 ] 91 root - INFO - Hypothesis sex: float64, float64 
[ 2023-02-08 00:42:21,802 ] 91 root - INFO - Hypothesis country: float64, float64 
[ 2023-02-08 00:42:21,822 ] 91 root - INFO - Hypothesis age: float64, float64 
[ 2023-02-08 00:42:21,826 ] 91 root - INFO - Hypothesis hours-per-week: float64, float64 
[ 2023-02-08 00:42:21,830 ] 234 root - INFO - Write reprt in yaml file
[ 2023-02-08 00:42:21,836 ] 239 root - INFO - Data validation artifact: DataValidationArtifact(report_file_path='/config/workspace/artifact/02082023__004205/data_validation/report.yaml')
[ 2023-02-08 00:42:21,843 ] 27 root - INFO - >>>>>>>>>>>>>>>>>>>>>>>>>>>>>>>>>>>>>>>> Data Transformation <<<<<<<<<<<<<<<<<<<<<<<<<<<<<<<<<<<<<<<<
[ 2023-02-08 00:42:22,099 ] 118 root - INFO - Before resampling in training set Input: (48259, 10) Target:(48259,)
[ 2023-02-08 00:42:32,649 ] 120 root - INFO - After resampling in training set Input: (72204, 10) Target:(72204,)
[ 2023-02-08 00:42:32,650 ] 122 root - INFO - Before resampling in testing set Input: (12065, 10) Target:(12065,)
[ 2023-02-08 00:42:33,999 ] 124 root - INFO - After resampling in testing set Input: (17706, 10) Target:(17706,)
[ 2023-02-08 00:42:34,012 ] 53 root - INFO - Entered the save_object method of utils
[ 2023-02-08 00:42:34,014 ] 57 root - INFO - Exited the save_object method of utils
[ 2023-02-08 00:42:34,014 ] 53 root - INFO - Entered the save_object method of utils
[ 2023-02-08 00:42:34,015 ] 57 root - INFO - Exited the save_object method of utils
[ 2023-02-08 00:42:34,015 ] 53 root - INFO - Entered the save_object method of utils
[ 2023-02-08 00:42:34,016 ] 57 root - INFO - Exited the save_object method of utils
[ 2023-02-08 00:42:34,016 ] 158 root - INFO - Data transformation object DataTransformationArtifact(transform_object_path='/config/workspace/artifact/02082023__004205/data_transformation/transformer/transformer.pkl', transformed_train_path='/config/workspace/artifact/02082023__004205/data_transformation/transformed/train.npz', transformed_test_path='/config/workspace/artifact/02082023__004205/data_transformation/transformed/test.npz', target_encoder_path='/config/workspace/artifact/02082023__004205/data_transformation/target_encoder/target_encoder.pkl', input_feature_encoder_path='/config/workspace/artifact/02082023__004205/data_transformation/input_feature_encoder/input_target_encoder.pkl')
[ 2023-02-08 00:42:34,019 ] 19 root - INFO - >>>>>>>>>>>>>>>>>>>>>>>>>>>>>>>>>>>>>>>> Model Trainer <<<<<<<<<<<<<<<<<<<<<<<<<<<<<<<<<<<<<<<<
[ 2023-02-08 00:42:34,019 ] 45 root - INFO - Loading train and test array.
[ 2023-02-08 00:42:34,028 ] 51 root - INFO - Splitting input and target feature from both train and test arr.
[ 2023-02-08 00:42:34,028 ] 55 root - INFO - Train the model
[ 2023-02-08 00:42:39,755 ] 59 root - INFO - Calculating f1 train score
[ 2023-02-08 00:42:40,691 ] 63 root - INFO - Calculating f1 test score
[ 2023-02-08 00:42:40,930 ] 67 root - INFO - train score:0.8533900392878908 and tests score 0.8531653609993647
[ 2023-02-08 00:42:40,930 ] 69 root - INFO - Checking if our model is underfitting or not
[ 2023-02-08 00:42:40,930 ] 74 root - INFO - Checking if our model is overfiiting or not
[ 2023-02-08 00:42:40,930 ] 81 root - INFO - Saving mode object
[ 2023-02-08 00:42:40,930 ] 53 root - INFO - Entered the save_object method of utils
[ 2023-02-08 00:42:40,987 ] 57 root - INFO - Exited the save_object method of utils
[ 2023-02-08 00:42:40,988 ] 85 root - INFO - Prepare the artifact
[ 2023-02-08 00:42:40,988 ] 88 root - INFO - Model trainer artifact: ModelTrainerArtifact(model_path='/config/workspace/artifact/02082023__004205/model_trainer/model/model.pkl', f1_train_score=0.8533900392878908, f1_test_score=0.8531653609993647)
