[ 2023-02-08 00:39:07,043 ] 16 root - INFO - >>>>>>>>>>>>>>>>>>>>>>>>>>>>>>>>>>>>>>>> Data Ingestion <<<<<<<<<<<<<<<<<<<<<<<<<<<<<<<<<<<<<<<<
[ 2023-02-08 00:39:07,043 ] 23 root - INFO - Exporting collection data as pandas dataframe
[ 2023-02-08 00:39:07,043 ] 21 root - INFO - Reading data from database: Adult_Census and collection: Adult
[ 2023-02-08 00:39:08,491 ] 23 root - INFO - Found columns: Index(['_id', 'age', 'workclass', 'fnlwgt', 'education', 'education-num',
       'marital-status', 'occupation', 'relationship', 'race', 'sex',
       'capital-gain', 'capital-loss', 'hours-per-week', 'country', 'salary'],
      dtype='object')
[ 2023-02-08 00:39:08,492 ] 25 root - INFO - Dropping column: _id 
[ 2023-02-08 00:39:08,512 ] 27 root - INFO - Row and columns in df: (65122, 15)
[ 2023-02-08 00:39:08,531 ] 29 root - INFO - Save data in feature store
[ 2023-02-08 00:39:17,167 ] 51 root - INFO - Create feature store folder if not available
[ 2023-02-08 00:39:17,168 ] 55 root - INFO - Save df to feature store folder
[ 2023-02-08 00:39:17,527 ] 60 root - INFO - split dataset into train and test set
[ 2023-02-08 00:39:17,572 ] 64 root - INFO - create dataset directory folder if not available
[ 2023-02-08 00:39:17,572 ] 69 root - INFO - Save df to feature store folder
[ 2023-02-08 00:39:18,060 ] 81 root - INFO - Data ingestion artifact: DataIngestionArtifact(feature_store_file_path='/config/workspace/artifact/02082023__003907/data_ingestion/feature_store/adult.csv', train_file_path='/config/workspace/artifact/02082023__003907/data_ingestion/dataset/train.csv', test_file_path='/config/workspace/artifact/02082023__003907/data_ingestion/dataset/test.csv')
[ 2023-02-08 00:39:18,095 ] 26 root - INFO - >>>>>>>>>>>>>>>>>>>>>>>>>>>>>>>>>>>>>>>> Data Validation <<<<<<<<<<<<<<<<<<<<<<<<<<<<<<<<<<<<<<<<
[ 2023-02-08 00:39:18,095 ] 113 root - INFO - Reading base dataframe
[ 2023-02-08 00:39:18,197 ] 116 root - INFO - Replace na value in base df
[ 2023-02-08 00:39:22,496 ] 160 root - INFO - Drop null values colums from base df
[ 2023-02-08 00:39:22,498 ] 48 root - INFO - selecting column name which contains null above to 0.2
[ 2023-02-08 00:39:22,498 ] 51 root - INFO - Columns to drop: []
[ 2023-02-08 00:39:22,499 ] 165 root - INFO - Reading train dataframe
[ 2023-02-08 00:39:22,659 ] 187 root - INFO - Reading test dataframe
[ 2023-02-08 00:39:22,701 ] 207 root - INFO - Drop null values colums from train df
[ 2023-02-08 00:39:22,703 ] 48 root - INFO - selecting column name which contains null above to 0.2
[ 2023-02-08 00:39:22,704 ] 51 root - INFO - Columns to drop: []
[ 2023-02-08 00:39:22,705 ] 209 root - INFO - Drop null values colums from test df
[ 2023-02-08 00:39:22,706 ] 48 root - INFO - selecting column name which contains null above to 0.2
[ 2023-02-08 00:39:22,707 ] 51 root - INFO - Columns to drop: []
[ 2023-02-08 00:39:22,720 ] 221 root - INFO - Is all required columns present in train df
[ 2023-02-08 00:39:22,721 ] 223 root - INFO - Is all required columns present in test df
[ 2023-02-08 00:39:22,721 ] 227 root - INFO - As all column are available in train df hence detecting data drift
[ 2023-02-08 00:39:22,721 ] 91 root - INFO - Hypothesis workclass: float64, float64 
[ 2023-02-08 00:39:22,761 ] 91 root - INFO - Hypothesis education: float64, float64 
[ 2023-02-08 00:39:22,802 ] 91 root - INFO - Hypothesis marital-status: float64, float64 
[ 2023-02-08 00:39:22,809 ] 91 root - INFO - Hypothesis occupation: float64, float64 
[ 2023-02-08 00:39:22,816 ] 91 root - INFO - Hypothesis relationship: float64, float64 
[ 2023-02-08 00:39:22,857 ] 91 root - INFO - Hypothesis race: float64, float64 
[ 2023-02-08 00:39:22,895 ] 91 root - INFO - Hypothesis sex: float64, float64 
[ 2023-02-08 00:39:22,899 ] 91 root - INFO - Hypothesis country: float64, float64 
[ 2023-02-08 00:39:22,938 ] 91 root - INFO - Hypothesis age: float64, float64 
[ 2023-02-08 00:39:22,946 ] 91 root - INFO - Hypothesis hours-per-week: float64, float64 
[ 2023-02-08 00:39:22,953 ] 230 root - INFO - As all column are available in test df hence detecting data drift
[ 2023-02-08 00:39:22,953 ] 91 root - INFO - Hypothesis workclass: float64, float64 
[ 2023-02-08 00:39:22,974 ] 91 root - INFO - Hypothesis education: float64, float64 
[ 2023-02-08 00:39:22,979 ] 91 root - INFO - Hypothesis marital-status: float64, float64 
[ 2023-02-08 00:39:22,998 ] 91 root - INFO - Hypothesis occupation: float64, float64 
[ 2023-02-08 00:39:23,003 ] 91 root - INFO - Hypothesis relationship: float64, float64 
[ 2023-02-08 00:39:23,006 ] 91 root - INFO - Hypothesis race: float64, float64 
[ 2023-02-08 00:39:23,009 ] 91 root - INFO - Hypothesis sex: float64, float64 
[ 2023-02-08 00:39:23,028 ] 91 root - INFO - Hypothesis country: float64, float64 
[ 2023-02-08 00:39:23,050 ] 91 root - INFO - Hypothesis age: float64, float64 
[ 2023-02-08 00:39:23,054 ] 91 root - INFO - Hypothesis hours-per-week: float64, float64 
[ 2023-02-08 00:39:23,058 ] 234 root - INFO - Write reprt in yaml file
[ 2023-02-08 00:39:23,064 ] 239 root - INFO - Data validation artifact: DataValidationArtifact(report_file_path='/config/workspace/artifact/02082023__003907/data_validation/report.yaml')
[ 2023-02-08 00:39:23,070 ] 27 root - INFO - >>>>>>>>>>>>>>>>>>>>>>>>>>>>>>>>>>>>>>>> Data Transformation <<<<<<<<<<<<<<<<<<<<<<<<<<<<<<<<<<<<<<<<
[ 2023-02-08 00:39:23,318 ] 118 root - INFO - Before resampling in training set Input: (48259, 10) Target:(48259,)
[ 2023-02-08 00:39:34,604 ] 120 root - INFO - After resampling in training set Input: (72204, 10) Target:(72204,)
[ 2023-02-08 00:39:34,604 ] 122 root - INFO - Before resampling in testing set Input: (12065, 10) Target:(12065,)
[ 2023-02-08 00:39:35,974 ] 124 root - INFO - After resampling in testing set Input: (17706, 10) Target:(17706,)
[ 2023-02-08 00:39:35,989 ] 53 root - INFO - Entered the save_object method of utils
[ 2023-02-08 00:39:35,991 ] 57 root - INFO - Exited the save_object method of utils
[ 2023-02-08 00:39:35,991 ] 53 root - INFO - Entered the save_object method of utils
[ 2023-02-08 00:39:35,992 ] 57 root - INFO - Exited the save_object method of utils
[ 2023-02-08 00:39:35,992 ] 53 root - INFO - Entered the save_object method of utils
[ 2023-02-08 00:39:35,994 ] 57 root - INFO - Exited the save_object method of utils
[ 2023-02-08 00:39:35,994 ] 158 root - INFO - Data transformation object DataTransformationArtifact(transform_object_path='/config/workspace/artifact/02082023__003907/data_transformation/transformer/transformer.pkl', transformed_train_path='/config/workspace/artifact/02082023__003907/data_transformation/transformed/train.npz', transformed_test_path='/config/workspace/artifact/02082023__003907/data_transformation/transformed/test.npz', target_encoder_path='/config/workspace/artifact/02082023__003907/data_transformation/target_encoder/target_encoder.pkl', input_feature_encoder_path='/config/workspace/artifact/02082023__003907/data_transformation/input_feature_encoder/input_target_encoder.pkl')
